<?xml version="1.0" encoding="UTF-8"?>
<testsuites name="Mocha Tests" time="2.1710" tests="17" failures="0">
  <testsuite name="Root Suite" timestamp="2022-04-27T12:10:24" tests="0" time="0.0000" failures="0">
  </testsuite>
  <testsuite name="analyze(folderPath, callback)" timestamp="2022-04-27T12:10:24" tests="10" file="C:\Users\UX504679\WebstormProjects\task_1\test\analyze.js" time="0.0160" failures="0">
    <testcase name="analyze(folderPath, callback) should return an error in case a path to invalid folder was provided" time="0.0040" classname="should return an error in case a path to invalid folder was provided">
    </testcase>
    <testcase name="analyze(folderPath, callback) should call callback function once" time="0.0000" classname="should call callback function once">
    </testcase>
    <testcase name="analyze(folderPath, callback) should pass null as an error in case of a success" time="0.0000" classname="should pass null as an error in case of a success">
    </testcase>
    <testcase name="analyze(folderPath, callback) should pass an object that has totalFiles number property" time="0.0020" classname="should pass an object that has totalFiles number property">
    </testcase>
    <testcase name="analyze(folderPath, callback) should pass an object that has totalSubFolders number property" time="0.0010" classname="should pass an object that has totalSubFolders number property">
    </testcase>
    <testcase name="analyze(folderPath, callback) should pass an object that has fileTypesInformation array property" time="0.0010" classname="should pass an object that has fileTypesInformation array property">
    </testcase>
    <testcase name="analyze(folderPath, callback) should pass correct format of objects for fileTypesInformation array" time="0.0050" classname="should pass correct format of objects for fileTypesInformation array">
    </testcase>
    <testcase name="analyze(folderPath, callback) should pass correct totalFiles value" time="0.0010" classname="should pass correct totalFiles value">
    </testcase>
    <testcase name="analyze(folderPath, callback) should pass correct totalSubFolders value" time="0.0000" classname="should pass correct totalSubFolders value">
    </testcase>
    <testcase name="analyze(folderPath, callback) should pass fileTypesInformation array that has correct information about extension" time="0.0020" classname="should pass fileTypesInformation array that has correct information about extension">
    </testcase>
  </testsuite>
  <testsuite name="CLI" timestamp="2022-04-27T12:10:24" tests="7" file="C:\Users\UX504679\WebstormProjects\task_1\test\index.js" time="2.1550" failures="0">
    <testcase name="CLI It should exit with non-zero code (Throw an error) if passed incorrect command name" time="0.4540" classname="It should exit with non-zero code (Throw an error) if passed incorrect command name">
    </testcase>
    <testcase name="CLI It should exit with non-zero code (Throw an error) if passed incorrect arguments for rimraf command" time="0.4320" classname="It should exit with non-zero code (Throw an error) if passed incorrect arguments for rimraf command">
    </testcase>
    <testcase name="CLI It should exit with non-zero code (Throw an error) if passed incorrect arguments for rename command" time="0.4230" classname="It should exit with non-zero code (Throw an error) if passed incorrect arguments for rename command">
    </testcase>
    <testcase name="CLI It should delete a folder with all it content when using rimraf command." time="0.2300" classname="It should delete a folder with all it content when using rimraf command.">
    </testcase>
    <testcase name="CLI It should delete a file when using rimraf command." time="0.2110" classname="It should delete a file when using rimraf command.">
    </testcase>
    <testcase name="CLI It should rename a file when using rename command." time="0.2200" classname="It should rename a file when using rename command.">
    </testcase>
    <testcase name="CLI It should rename a folder when using rename command." time="0.1850" classname="It should rename a folder when using rename command.">
    </testcase>
  </testsuite>
</testsuites>